{
  "0 debug pnpm:scope": {
    "selected": 1
  },
  "1 error pnpm": {
    "errno": 1,
    "code": "ELIFECYCLE",
    "pkgid": "qingTian-frontend@0.0.1",
    "stage": "reinstall",
    "script": "rimraf pnpm-lock.yaml && rimraf package.lock.json && rimraf node_modules && npm run bootstrap",
    "pkgname": "qingTian-frontend",
    "err": {
      "name": "pnpm",
      "message": "qingTian-frontend@0.0.1 reinstall: `rimraf pnpm-lock.yaml && rimraf package.lock.json && rimraf node_modules && npm run bootstrap`\nExit status 1",
      "code": "ELIFECYCLE",
      "stack": "pnpm: qingTian-frontend@0.0.1 reinstall: `rimraf pnpm-lock.yaml && rimraf package.lock.json && rimraf node_modules && npm run bootstrap`\nExit status 1\n    at EventEmitter.<anonymous> (C:\\snapshot\\dist\\pnpm.cjs)\n    at EventEmitter.emit (events.js:400:28)\n    at ChildProcess.<anonymous> (C:\\snapshot\\dist\\pnpm.cjs)\n    at ChildProcess.emit (events.js:400:28)\n    at maybeClose (internal/child_process.js:1088:16)\n    at Process.ChildProcess._handle.onexit (internal/child_process.js:296:5)"
    }
  },
  "2 warn pnpm:global": " Local package.json exists, but node_modules missing, did you mean to install?"
}